2021-02-26T10:09:32+00:00 CRITICAL syntax error, unexpected ''</a>'' (T_CONSTANT_ENCAPSED_STRING) in C:\xampp\htdocs\wp1\wp-content\plugins\woocommerce\templates\content-single-product.php on line 69

2021-02-26T10:30:09+00:00 CRITICAL Uncaught ArgumentCountError: Too few arguments to function get_term_link(), 0 passed in C:\xampp\htdocs\wp1\wp-content\plugins\woocommerce\templates\content-single-product.php on line 68 and at least 1 expected in C:\xampp\htdocs\wp1\wp-includes\taxonomy.php:4343
Stack trace:
#0 C:\xampp\htdocs\wp1\wp-content\plugins\woocommerce\templates\content-single-product.php(68): get_term_link()
#1 C:\xampp\htdocs\wp1\wp-includes\template.php(732): require('C:\\xampp\\htdocs...')
#2 C:\xampp\htdocs\wp1\wp-content\plugins\woocommerce\includes\wc-core-functions.php(284): load_template('C:\\xampp\\htdocs...', false)
#3 C:\xampp\htdocs\wp1\wp-content\plugins\woocommerce\templates\single-product.php(37): wc_get_template_part('content', 'single-product')
#4 C:\xampp\htdocs\wp1\wp-includes\template-loader.php(106): include('C:\\xampp\\htdocs...')
#5 C:\xampp\htdocs\wp1\wp-blog-header.php(19): require_once('C:\\xampp\\htdocs...')
#6 C:\xampp\htdocs\wp1\index.php(17): require('C:\\xampp\\htdocs...')
#7 {main}
  thrown in C:\xampp\htdocs\wp1\wp-includes\taxonomy.php on line 4343

2021-02-26T11:01:58+00:00 CRITICAL Uncaught ArgumentCountError: Too few arguments to function update_user_meta(), 2 passed in C:\xampp\htdocs\wp1\wp-content\themes\storefront\functions.php on line 96 and at least 3 expected in C:\xampp\htdocs\wp1\wp-includes\user.php:1041
Stack trace:
#0 C:\xampp\htdocs\wp1\wp-content\themes\storefront\functions.php(96): update_user_meta('interested', NULL)
#1 C:\xampp\htdocs\wp1\wp-settings.php(525): include('C:\\xampp\\htdocs...')
#2 C:\xampp\htdocs\wp1\wp-config.php(90): require_once('C:\\xampp\\htdocs...')
#3 C:\xampp\htdocs\wp1\wp-load.php(37): require_once('C:\\xampp\\htdocs...')
#4 C:\xampp\htdocs\wp1\wp-blog-header.php(13): require_once('C:\\xampp\\htdocs...')
#5 C:\xampp\htdocs\wp1\index.php(17): require('C:\\xampp\\htdocs...')
#6 {main}
  thrown in C:\xampp\htdocs\wp1\wp-includes\user.php on line 1041

2021-02-26T11:02:13+00:00 CRITICAL Uncaught ArgumentCountError: Too few arguments to function update_user_meta(), 1 passed in C:\xampp\htdocs\wp1\wp-content\themes\storefront\functions.php on line 96 and at least 3 expected in C:\xampp\htdocs\wp1\wp-includes\user.php:1041
Stack trace:
#0 C:\xampp\htdocs\wp1\wp-content\themes\storefront\functions.php(96): update_user_meta('interested')
#1 C:\xampp\htdocs\wp1\wp-settings.php(525): include('C:\\xampp\\htdocs...')
#2 C:\xampp\htdocs\wp1\wp-config.php(90): require_once('C:\\xampp\\htdocs...')
#3 C:\xampp\htdocs\wp1\wp-load.php(37): require_once('C:\\xampp\\htdocs...')
#4 C:\xampp\htdocs\wp1\wp-blog-header.php(13): require_once('C:\\xampp\\htdocs...')
#5 C:\xampp\htdocs\wp1\index.php(17): require('C:\\xampp\\htdocs...')
#6 {main}
  thrown in C:\xampp\htdocs\wp1\wp-includes\user.php on line 1041

2021-02-26T11:03:17+00:00 CRITICAL Uncaught ArgumentCountError: Too few arguments to function update_user_meta(), 2 passed in C:\xampp\htdocs\wp1\wp-content\themes\storefront\functions.php on line 96 and at least 3 expected in C:\xampp\htdocs\wp1\wp-includes\user.php:1041
Stack trace:
#0 C:\xampp\htdocs\wp1\wp-content\themes\storefront\functions.php(96): update_user_meta('interested', 'milankovac75@gm...')
#1 C:\xampp\htdocs\wp1\wp-settings.php(525): include('C:\\xampp\\htdocs...')
#2 C:\xampp\htdocs\wp1\wp-config.php(90): require_once('C:\\xampp\\htdocs...')
#3 C:\xampp\htdocs\wp1\wp-load.php(37): require_once('C:\\xampp\\htdocs...')
#4 C:\xampp\htdocs\wp1\wp-blog-header.php(13): require_once('C:\\xampp\\htdocs...')
#5 C:\xampp\htdocs\wp1\index.php(17): require('C:\\xampp\\htdocs...')
#6 {main}
  thrown in C:\xampp\htdocs\wp1\wp-includes\user.php on line 1041

2021-02-26T11:03:44+00:00 CRITICAL Uncaught ArgumentCountError: Too few arguments to function update_post_meta(), 2 passed in C:\xampp\htdocs\wp1\wp-content\themes\storefront\functions.php on line 96 and at least 3 expected in C:\xampp\htdocs\wp1\wp-includes\post.php:2163
Stack trace:
#0 C:\xampp\htdocs\wp1\wp-content\themes\storefront\functions.php(96): update_post_meta('interested', 'milankovac75@gm...')
#1 C:\xampp\htdocs\wp1\wp-settings.php(525): include('C:\\xampp\\htdocs...')
#2 C:\xampp\htdocs\wp1\wp-config.php(90): require_once('C:\\xampp\\htdocs...')
#3 C:\xampp\htdocs\wp1\wp-load.php(37): require_once('C:\\xampp\\htdocs...')
#4 C:\xampp\htdocs\wp1\wp-blog-header.php(13): require_once('C:\\xampp\\htdocs...')
#5 C:\xampp\htdocs\wp1\index.php(17): require('C:\\xampp\\htdocs...')
#6 {main}
  thrown in C:\xampp\htdocs\wp1\wp-includes\post.php on line 2163

2021-02-26T11:03:45+00:00 CRITICAL Uncaught ArgumentCountError: Too few arguments to function update_post_meta(), 2 passed in C:\xampp\htdocs\wp1\wp-content\themes\storefront\functions.php on line 96 and at least 3 expected in C:\xampp\htdocs\wp1\wp-includes\post.php:2163
Stack trace:
#0 C:\xampp\htdocs\wp1\wp-content\themes\storefront\functions.php(96): update_post_meta('interested', 'milankovac75@gm...')
#1 C:\xampp\htdocs\wp1\wp-settings.php(525): include('C:\\xampp\\htdocs...')
#2 C:\xampp\htdocs\wp1\wp-config.php(90): require_once('C:\\xampp\\htdocs...')
#3 C:\xampp\htdocs\wp1\wp-load.php(37): require_once('C:\\xampp\\htdocs...')
#4 C:\xampp\htdocs\wp1\wp-blog-header.php(13): require_once('C:\\xampp\\htdocs...')
#5 C:\xampp\htdocs\wp1\index.php(17): require('C:\\xampp\\htdocs...')
#6 {main}
  thrown in C:\xampp\htdocs\wp1\wp-includes\post.php on line 2163

2021-02-26T11:03:45+00:00 CRITICAL Uncaught ArgumentCountError: Too few arguments to function update_post_meta(), 2 passed in C:\xampp\htdocs\wp1\wp-content\themes\storefront\functions.php on line 96 and at least 3 expected in C:\xampp\htdocs\wp1\wp-includes\post.php:2163
Stack trace:
#0 C:\xampp\htdocs\wp1\wp-content\themes\storefront\functions.php(96): update_post_meta('interested', 'milankovac75@gm...')
#1 C:\xampp\htdocs\wp1\wp-settings.php(525): include('C:\\xampp\\htdocs...')
#2 C:\xampp\htdocs\wp1\wp-config.php(90): require_once('C:\\xampp\\htdocs...')
#3 C:\xampp\htdocs\wp1\wp-load.php(37): require_once('C:\\xampp\\htdocs...')
#4 C:\xampp\htdocs\wp1\wp-blog-header.php(13): require_once('C:\\xampp\\htdocs...')
#5 C:\xampp\htdocs\wp1\index.php(17): require('C:\\xampp\\htdocs...')
#6 {main}
  thrown in C:\xampp\htdocs\wp1\wp-includes\post.php on line 2163

2021-02-26T11:05:21+00:00 CRITICAL Uncaught ArgumentCountError: Too few arguments to function update_post_meta(), 2 passed in C:\xampp\htdocs\wp1\wp-content\themes\storefront\functions.php on line 96 and at least 3 expected in C:\xampp\htdocs\wp1\wp-includes\post.php:2163
Stack trace:
#0 C:\xampp\htdocs\wp1\wp-content\themes\storefront\functions.php(96): update_post_meta('interested', 'milankovac75@gm...')
#1 C:\xampp\htdocs\wp1\wp-settings.php(525): include('C:\\xampp\\htdocs...')
#2 C:\xampp\htdocs\wp1\wp-config.php(90): require_once('C:\\xampp\\htdocs...')
#3 C:\xampp\htdocs\wp1\wp-load.php(37): require_once('C:\\xampp\\htdocs...')
#4 C:\xampp\htdocs\wp1\wp-blog-header.php(13): require_once('C:\\xampp\\htdocs...')
#5 C:\xampp\htdocs\wp1\index.php(17): require('C:\\xampp\\htdocs...')
#6 {main}
  thrown in C:\xampp\htdocs\wp1\wp-includes\post.php on line 2163

2021-02-26T11:37:03+00:00 CRITICAL syntax error, unexpected '$res' (T_VARIABLE) in C:\xampp\htdocs\wp1\wp-content\themes\storefront\functions.php on line 103

2021-02-26T11:47:36+00:00 CRITICAL syntax error, unexpected ';', expecting ')' in C:\xampp\htdocs\wp1\wp-content\themes\storefront\functions.php on line 102

2021-02-26T12:25:32+00:00 CRITICAL syntax error, unexpected 'return' (T_RETURN) in C:\xampp\htdocs\wp1\wp-content\themes\storefront\functions.php on line 95

2021-02-26T12:25:43+00:00 CRITICAL syntax error, unexpected 'return' (T_RETURN) in C:\xampp\htdocs\wp1\wp-content\themes\storefront\functions.php on line 95

2021-02-26T12:25:44+00:00 CRITICAL syntax error, unexpected 'return' (T_RETURN) in C:\xampp\htdocs\wp1\wp-content\themes\storefront\functions.php on line 95

2021-02-26T12:25:45+00:00 CRITICAL syntax error, unexpected 'return' (T_RETURN) in C:\xampp\htdocs\wp1\wp-content\themes\storefront\functions.php on line 95

2021-02-26T12:25:46+00:00 CRITICAL syntax error, unexpected 'return' (T_RETURN) in C:\xampp\htdocs\wp1\wp-content\themes\storefront\functions.php on line 95

2021-02-26T12:25:53+00:00 CRITICAL syntax error, unexpected 'return' (T_RETURN) in C:\xampp\htdocs\wp1\wp-content\themes\storefront\functions.php on line 95

2021-02-26T14:54:58+00:00 CRITICAL syntax error, unexpected 'http' (T_STRING) in C:\xampp\htdocs\wp1\wp-content\plugins\woocommerce\templates\content-single-product.php on line 92

2021-02-26T21:13:26+00:00 CRITICAL syntax error, unexpected 'functio' (T_STRING), expecting function (T_FUNCTION) or const (T_CONST) in C:\xampp\htdocs\wp1\wp-content\themes\storefront\task1.php on line 5

2021-02-26T21:18:09+00:00 CRITICAL syntax error, unexpected 'add_action' (T_STRING), expecting function (T_FUNCTION) or const (T_CONST) in C:\xampp\htdocs\wp1\wp-content\themes\storefront\task1.php on line 19

2021-02-26T21:19:10+00:00 CRITICAL syntax error, unexpected 'add_action' (T_STRING), expecting function (T_FUNCTION) or const (T_CONST) in C:\xampp\htdocs\wp1\wp-content\themes\storefront\task1.php on line 20

2021-02-26T21:19:24+00:00 CRITICAL syntax error, unexpected 'add_action' (T_STRING), expecting function (T_FUNCTION) or const (T_CONST) in C:\xampp\htdocs\wp1\wp-content\themes\storefront\task1.php on line 20

2021-02-26T21:21:11+00:00 CRITICAL syntax error, unexpected 'add_action' (T_STRING), expecting function (T_FUNCTION) or const (T_CONST) in C:\xampp\htdocs\wp1\wp-content\themes\storefront\task1.php on line 20

2021-02-26T21:21:29+00:00 CRITICAL syntax error, unexpected 'add_action' (T_STRING), expecting function (T_FUNCTION) or const (T_CONST) in C:\xampp\htdocs\wp1\wp-content\themes\storefront\task1.php on line 20

2021-02-26T21:22:03+00:00 CRITICAL syntax error, unexpected 'add_action' (T_STRING), expecting function (T_FUNCTION) or const (T_CONST) in C:\xampp\htdocs\wp1\wp-content\themes\storefront\task1.php on line 20

2021-02-26T21:22:40+00:00 CRITICAL syntax error, unexpected 'add_action' (T_STRING), expecting function (T_FUNCTION) or const (T_CONST) in C:\xampp\htdocs\wp1\wp-content\themes\storefront\task1.php on line 19

2021-02-26T21:23:15+00:00 CRITICAL syntax error, unexpected 'add_action' (T_STRING), expecting function (T_FUNCTION) or const (T_CONST) in C:\xampp\htdocs\wp1\wp-content\themes\storefront\task1.php on line 18

2021-02-26T21:23:33+00:00 CRITICAL syntax error, unexpected 'add_action' (T_STRING), expecting function (T_FUNCTION) or const (T_CONST) in C:\xampp\htdocs\wp1\wp-content\themes\storefront\task1.php on line 18

2021-02-26T21:24:18+00:00 CRITICAL syntax error, unexpected 'add_action' (T_STRING), expecting function (T_FUNCTION) or const (T_CONST) in C:\xampp\htdocs\wp1\wp-content\themes\storefront\task1.php on line 18

2021-02-26T21:24:48+00:00 CRITICAL syntax error, unexpected ';', expecting ')' in C:\xampp\htdocs\wp1\wp-content\themes\storefront\task1.php on line 15

2021-02-26T21:25:12+00:00 CRITICAL syntax error, unexpected 'add_action' (T_STRING), expecting function (T_FUNCTION) or const (T_CONST) in C:\xampp\htdocs\wp1\wp-content\themes\storefront\task1.php on line 17

2021-02-26T21:25:31+00:00 CRITICAL syntax error, unexpected 'add_action' (T_STRING), expecting function (T_FUNCTION) or const (T_CONST) in C:\xampp\htdocs\wp1\wp-content\themes\storefront\task1.php on line 17

2021-02-26T21:25:45+00:00 CRITICAL syntax error, unexpected 'add_action' (T_STRING), expecting function (T_FUNCTION) or const (T_CONST) in C:\xampp\htdocs\wp1\wp-content\themes\storefront\task1.php on line 7

2021-02-26T21:25:53+00:00 CRITICAL syntax error, unexpected 'add_action' (T_STRING), expecting function (T_FUNCTION) or const (T_CONST) in C:\xampp\htdocs\wp1\wp-content\themes\storefront\task1.php on line 7

2021-02-26T21:26:30+00:00 CRITICAL syntax error, unexpected 'add_action' (T_STRING), expecting function (T_FUNCTION) or const (T_CONST) in C:\xampp\htdocs\wp1\wp-content\themes\storefront\task1.php on line 7

