2021-03-08T08:52:42+00:00 CRITICAL Uncaught Error: Call to undefined function is_products_page() in C:\xampp\htdocs\wp1\wp-content\themes\storefront\CSV.php:78
Stack trace:
#0 C:\xampp\htdocs\wp1\wp-includes\class-wp-hook.php(287): CSV->on_init('')
#1 C:\xampp\htdocs\wp1\wp-includes\class-wp-hook.php(311): WP_Hook->apply_filters(NULL, Array)
#2 C:\xampp\htdocs\wp1\wp-includes\plugin.php(484): WP_Hook->do_action(Array)
#3 C:\xampp\htdocs\wp1\wp-settings.php(557): do_action('init')
#4 C:\xampp\htdocs\wp1\wp-config.php(91): require_once('C:\\xampp\\htdocs...')
#5 C:\xampp\htdocs\wp1\wp-load.php(37): require_once('C:\\xampp\\htdocs...')
#6 C:\xampp\htdocs\wp1\wp-blog-header.php(13): require_once('C:\\xampp\\htdocs...')
#7 C:\xampp\htdocs\wp1\index.php(17): require('C:\\xampp\\htdocs...')
#8 {main}
  thrown in C:\xampp\htdocs\wp1\wp-content\themes\storefront\CSV.php on line 78

2021-03-08T09:16:19+00:00 CRITICAL Uncaught Error: Class 'Redirect' not found in C:\xampp\htdocs\wp1\wp-content\themes\storefront\CSV.php:92
Stack trace:
#0 C:\xampp\htdocs\wp1\wp-includes\class-wp-hook.php(287): CSV->on_init('')
#1 C:\xampp\htdocs\wp1\wp-includes\class-wp-hook.php(311): WP_Hook->apply_filters(NULL, Array)
#2 C:\xampp\htdocs\wp1\wp-includes\plugin.php(484): WP_Hook->do_action(Array)
#3 C:\xampp\htdocs\wp1\wp-settings.php(557): do_action('init')
#4 C:\xampp\htdocs\wp1\wp-config.php(91): require_once('C:\\xampp\\htdocs...')
#5 C:\xampp\htdocs\wp1\wp-load.php(37): require_once('C:\\xampp\\htdocs...')
#6 C:\xampp\htdocs\wp1\wp-blog-header.php(13): require_once('C:\\xampp\\htdocs...')
#7 C:\xampp\htdocs\wp1\index.php(17): require('C:\\xampp\\htdocs...')
#8 {main}
  thrown in C:\xampp\htdocs\wp1\wp-content\themes\storefront\CSV.php on line 92

2021-03-08T09:17:05+00:00 CRITICAL Uncaught Error: Class 'Automattic\Jetpack\Redirect' not found in C:\xampp\htdocs\wp1\wp-content\themes\storefront\CSV.php:92
Stack trace:
#0 C:\xampp\htdocs\wp1\wp-includes\class-wp-hook.php(287): CSV->on_init('')
#1 C:\xampp\htdocs\wp1\wp-includes\class-wp-hook.php(311): WP_Hook->apply_filters(NULL, Array)
#2 C:\xampp\htdocs\wp1\wp-includes\plugin.php(484): WP_Hook->do_action(Array)
#3 C:\xampp\htdocs\wp1\wp-settings.php(557): do_action('init')
#4 C:\xampp\htdocs\wp1\wp-config.php(91): require_once('C:\\xampp\\htdocs...')
#5 C:\xampp\htdocs\wp1\wp-load.php(37): require_once('C:\\xampp\\htdocs...')
#6 C:\xampp\htdocs\wp1\wp-cron.php(44): require_once('C:\\xampp\\htdocs...')
#7 {main}
  thrown in C:\xampp\htdocs\wp1\wp-content\themes\storefront\CSV.php on line 92

2021-03-08T09:17:05+00:00 CRITICAL Uncaught Error: Class 'Automattic\Jetpack\Redirect' not found in C:\xampp\htdocs\wp1\wp-content\themes\storefront\CSV.php:92
Stack trace:
#0 C:\xampp\htdocs\wp1\wp-includes\class-wp-hook.php(287): CSV->on_init('')
#1 C:\xampp\htdocs\wp1\wp-includes\class-wp-hook.php(311): WP_Hook->apply_filters(NULL, Array)
#2 C:\xampp\htdocs\wp1\wp-includes\plugin.php(484): WP_Hook->do_action(Array)
#3 C:\xampp\htdocs\wp1\wp-settings.php(557): do_action('init')
#4 C:\xampp\htdocs\wp1\wp-config.php(91): require_once('C:\\xampp\\htdocs...')
#5 C:\xampp\htdocs\wp1\wp-load.php(37): require_once('C:\\xampp\\htdocs...')
#6 C:\xampp\htdocs\wp1\wp-admin\admin-ajax.php(22): require_once('C:\\xampp\\htdocs...')
#7 {main}
  thrown in C:\xampp\htdocs\wp1\wp-content\themes\storefront\CSV.php on line 92

2021-03-08T09:17:06+00:00 CRITICAL Uncaught Error: Class 'Automattic\Jetpack\Redirect' not found in C:\xampp\htdocs\wp1\wp-content\themes\storefront\CSV.php:92
Stack trace:
#0 C:\xampp\htdocs\wp1\wp-includes\class-wp-hook.php(287): CSV->on_init('')
#1 C:\xampp\htdocs\wp1\wp-includes\class-wp-hook.php(311): WP_Hook->apply_filters(NULL, Array)
#2 C:\xampp\htdocs\wp1\wp-includes\plugin.php(484): WP_Hook->do_action(Array)
#3 C:\xampp\htdocs\wp1\wp-settings.php(557): do_action('init')
#4 C:\xampp\htdocs\wp1\wp-config.php(91): require_once('C:\\xampp\\htdocs...')
#5 C:\xampp\htdocs\wp1\wp-load.php(37): require_once('C:\\xampp\\htdocs...')
#6 C:\xampp\htdocs\wp1\wp-blog-header.php(13): require_once('C:\\xampp\\htdocs...')
#7 C:\xampp\htdocs\wp1\index.php(17): require('C:\\xampp\\htdocs...')
#8 {main}
  thrown in C:\xampp\htdocs\wp1\wp-content\themes\storefront\CSV.php on line 92

2021-03-08T09:17:20+00:00 CRITICAL Uncaught Error: Class 'Automattic\Jetpack\Redirect' not found in C:\xampp\htdocs\wp1\wp-content\themes\storefront\CSV.php:92
Stack trace:
#0 C:\xampp\htdocs\wp1\wp-includes\class-wp-hook.php(287): CSV->on_init('')
#1 C:\xampp\htdocs\wp1\wp-includes\class-wp-hook.php(311): WP_Hook->apply_filters(NULL, Array)
#2 C:\xampp\htdocs\wp1\wp-includes\plugin.php(484): WP_Hook->do_action(Array)
#3 C:\xampp\htdocs\wp1\wp-settings.php(557): do_action('init')
#4 C:\xampp\htdocs\wp1\wp-config.php(91): require_once('C:\\xampp\\htdocs...')
#5 C:\xampp\htdocs\wp1\wp-load.php(37): require_once('C:\\xampp\\htdocs...')
#6 C:\xampp\htdocs\wp1\wp-admin\admin-ajax.php(22): require_once('C:\\xampp\\htdocs...')
#7 {main}
  thrown in C:\xampp\htdocs\wp1\wp-content\themes\storefront\CSV.php on line 92

2021-03-08T09:39:28+00:00 CRITICAL Uncaught ArgumentCountError: Too few arguments to function url_to_postid(), 0 passed in C:\xampp\htdocs\wp1\wp-content\themes\storefront\CSV.php on line 75 and exactly 1 expected in C:\xampp\htdocs\wp1\wp-includes\rewrite.php:468
Stack trace:
#0 C:\xampp\htdocs\wp1\wp-content\themes\storefront\CSV.php(75): url_to_postid()
#1 C:\xampp\htdocs\wp1\wp-includes\class-wp-hook.php(287): CSV->on_init('')
#2 C:\xampp\htdocs\wp1\wp-includes\class-wp-hook.php(311): WP_Hook->apply_filters(NULL, Array)
#3 C:\xampp\htdocs\wp1\wp-includes\plugin.php(484): WP_Hook->do_action(Array)
#4 C:\xampp\htdocs\wp1\wp-settings.php(557): do_action('init')
#5 C:\xampp\htdocs\wp1\wp-config.php(91): require_once('C:\\xampp\\htdocs...')
#6 C:\xampp\htdocs\wp1\wp-load.php(37): require_once('C:\\xampp\\htdocs...')
#7 C:\xampp\htdocs\wp1\wp-cron.php(44): require_once('C:\\xampp\\htdocs...')
#8 {main}
  thrown in C:\xampp\htdocs\wp1\wp-includes\rewrite.php on line 468

2021-03-08T09:39:28+00:00 CRITICAL Uncaught ArgumentCountError: Too few arguments to function url_to_postid(), 0 passed in C:\xampp\htdocs\wp1\wp-content\themes\storefront\CSV.php on line 75 and exactly 1 expected in C:\xampp\htdocs\wp1\wp-includes\rewrite.php:468
Stack trace:
#0 C:\xampp\htdocs\wp1\wp-content\themes\storefront\CSV.php(75): url_to_postid()
#1 C:\xampp\htdocs\wp1\wp-includes\class-wp-hook.php(287): CSV->on_init('')
#2 C:\xampp\htdocs\wp1\wp-includes\class-wp-hook.php(311): WP_Hook->apply_filters(NULL, Array)
#3 C:\xampp\htdocs\wp1\wp-includes\plugin.php(484): WP_Hook->do_action(Array)
#4 C:\xampp\htdocs\wp1\wp-settings.php(557): do_action('init')
#5 C:\xampp\htdocs\wp1\wp-config.php(91): require_once('C:\\xampp\\htdocs...')
#6 C:\xampp\htdocs\wp1\wp-load.php(37): require_once('C:\\xampp\\htdocs...')
#7 C:\xampp\htdocs\wp1\wp-blog-header.php(13): require_once('C:\\xampp\\htdocs...')
#8 C:\xampp\htdocs\wp1\index.php(17): require('C:\\xampp\\htdocs...')
#9 {main}
  thrown in C:\xampp\htdocs\wp1\wp-includes\rewrite.php on line 468

2021-03-08T09:39:45+00:00 CRITICAL Uncaught ArgumentCountError: Too few arguments to function url_to_postid(), 0 passed in C:\xampp\htdocs\wp1\wp-content\themes\storefront\CSV.php on line 75 and exactly 1 expected in C:\xampp\htdocs\wp1\wp-includes\rewrite.php:468
Stack trace:
#0 C:\xampp\htdocs\wp1\wp-content\themes\storefront\CSV.php(75): url_to_postid()
#1 C:\xampp\htdocs\wp1\wp-includes\class-wp-hook.php(287): CSV->on_init('')
#2 C:\xampp\htdocs\wp1\wp-includes\class-wp-hook.php(311): WP_Hook->apply_filters(NULL, Array)
#3 C:\xampp\htdocs\wp1\wp-includes\plugin.php(484): WP_Hook->do_action(Array)
#4 C:\xampp\htdocs\wp1\wp-settings.php(557): do_action('init')
#5 C:\xampp\htdocs\wp1\wp-config.php(91): require_once('C:\\xampp\\htdocs...')
#6 C:\xampp\htdocs\wp1\wp-load.php(37): require_once('C:\\xampp\\htdocs...')
#7 C:\xampp\htdocs\wp1\wp-blog-header.php(13): require_once('C:\\xampp\\htdocs...')
#8 C:\xampp\htdocs\wp1\index.php(17): require('C:\\xampp\\htdocs...')
#9 {main}
  thrown in C:\xampp\htdocs\wp1\wp-includes\rewrite.php on line 468

2021-03-08T09:47:03+00:00 CRITICAL Uncaught Error: Call to a member function get_variation_attributes() on bool in C:\xampp\htdocs\wp1\wp-content\themes\storefront\CSV.php:48
Stack trace:
#0 C:\xampp\htdocs\wp1\wp-content\themes\storefront\CSV.php(79): CSV->generate_csv()
#1 C:\xampp\htdocs\wp1\wp-includes\class-wp-hook.php(287): CSV->on_init('')
#2 C:\xampp\htdocs\wp1\wp-includes\class-wp-hook.php(311): WP_Hook->apply_filters(NULL, Array)
#3 C:\xampp\htdocs\wp1\wp-includes\plugin.php(484): WP_Hook->do_action(Array)
#4 C:\xampp\htdocs\wp1\wp-settings.php(557): do_action('init')
#5 C:\xampp\htdocs\wp1\wp-config.php(91): require_once('C:\\xampp\\htdocs...')
#6 C:\xampp\htdocs\wp1\wp-load.php(37): require_once('C:\\xampp\\htdocs...')
#7 C:\xampp\htdocs\wp1\wp-blog-header.php(13): require_once('C:\\xampp\\htdocs...')
#8 C:\xampp\htdocs\wp1\index.php(17): require('C:\\xampp\\htdocs...')
#9 {main}
  thrown in C:\xampp\htdocs\wp1\wp-content\themes\storefront\CSV.php on line 48

2021-03-08T10:41:34+00:00 CRITICAL Uncaught ArgumentCountError: Too few arguments to function add_action(), 1 passed in C:\xampp\htdocs\wp1\wp-content\themes\storefront\GlobalCSV.php on line 8 and at least 2 expected in C:\xampp\htdocs\wp1\wp-includes\plugin.php:409
Stack trace:
#0 C:\xampp\htdocs\wp1\wp-content\themes\storefront\GlobalCSV.php(8): add_action('all_product_csv')
#1 C:\xampp\htdocs\wp1\wp-content\themes\storefront\functions.php(112): GlobalCSV->__construct()
#2 C:\xampp\htdocs\wp1\wp-settings.php(525): include('C:\\xampp\\htdocs...')
#3 C:\xampp\htdocs\wp1\wp-config.php(91): require_once('C:\\xampp\\htdocs...')
#4 C:\xampp\htdocs\wp1\wp-load.php(37): require_once('C:\\xampp\\htdocs...')
#5 C:\xampp\htdocs\wp1\wp-admin\admin-ajax.php(22): require_once('C:\\xampp\\htdocs...')
#6 {main}
  thrown in C:\xampp\htdocs\wp1\wp-includes\plugin.php on line 409

2021-03-08T11:04:29+00:00 CRITICAL Uncaught Error: Call to a member function get_id() on null in C:\xampp\htdocs\wp1\wp-content\themes\storefront\GlobalCSV.php:21
Stack trace:
#0 C:\xampp\htdocs\wp1\wp-includes\class-wp-hook.php(287): GlobalCSV->on_admin_init('')
#1 C:\xampp\htdocs\wp1\wp-includes\class-wp-hook.php(311): WP_Hook->apply_filters(NULL, Array)
#2 C:\xampp\htdocs\wp1\wp-includes\plugin.php(484): WP_Hook->do_action(Array)
#3 C:\xampp\htdocs\wp1\wp-admin\admin-ajax.php(45): do_action('admin_init')
#4 {main}
  thrown in C:\xampp\htdocs\wp1\wp-content\themes\storefront\GlobalCSV.php on line 21

2021-03-08T11:04:30+00:00 CRITICAL Uncaught Error: Call to a member function get_id() on null in C:\xampp\htdocs\wp1\wp-content\themes\storefront\GlobalCSV.php:21
Stack trace:
#0 C:\xampp\htdocs\wp1\wp-includes\class-wp-hook.php(287): GlobalCSV->on_admin_init('')
#1 C:\xampp\htdocs\wp1\wp-includes\class-wp-hook.php(311): WP_Hook->apply_filters(NULL, Array)
#2 C:\xampp\htdocs\wp1\wp-includes\plugin.php(484): WP_Hook->do_action(Array)
#3 C:\xampp\htdocs\wp1\wp-admin\admin.php(175): do_action('admin_init')
#4 C:\xampp\htdocs\wp1\wp-admin\edit.php(10): require_once('C:\\xampp\\htdocs...')
#5 {main}
  thrown in C:\xampp\htdocs\wp1\wp-content\themes\storefront\GlobalCSV.php on line 21

2021-03-08T11:08:08+00:00 CRITICAL syntax error, unexpected '}' in C:\xampp\htdocs\wp1\wp-content\themes\storefront\GlobalCSV.php on line 26

2021-03-08T11:08:50+00:00 CRITICAL syntax error, unexpected '}' in C:\xampp\htdocs\wp1\wp-content\themes\storefront\GlobalCSV.php on line 26

2021-03-08T12:06:02+00:00 CRITICAL Uncaught Error: Call to a member function get_title() on bool in C:\xampp\htdocs\wp1\wp-content\themes\storefront\functions.php:119
Stack trace:
#0 C:\xampp\htdocs\wp1\wp-settings.php(525): include()
#1 C:\xampp\htdocs\wp1\wp-config.php(91): require_once('C:\\xampp\\htdocs...')
#2 C:\xampp\htdocs\wp1\wp-load.php(37): require_once('C:\\xampp\\htdocs...')
#3 C:\xampp\htdocs\wp1\wp-blog-header.php(13): require_once('C:\\xampp\\htdocs...')
#4 C:\xampp\htdocs\wp1\index.php(17): require('C:\\xampp\\htdocs...')
#5 {main}
  thrown in C:\xampp\htdocs\wp1\wp-content\themes\storefront\functions.php on line 119

2021-03-08T12:21:15+00:00 CRITICAL syntax error, unexpected 'global' (T_GLOBAL) in C:\xampp\htdocs\wp1\wp-content\themes\storefront\GlobalCSV.php on line 27

2021-03-08T12:21:30+00:00 CRITICAL syntax error, unexpected 'global' (T_GLOBAL) in C:\xampp\htdocs\wp1\wp-content\themes\storefront\GlobalCSV.php on line 27

2021-03-08T12:21:45+00:00 CRITICAL syntax error, unexpected 'global' (T_GLOBAL) in C:\xampp\htdocs\wp1\wp-content\themes\storefront\GlobalCSV.php on line 27

2021-03-08T12:33:29+00:00 CRITICAL syntax error, unexpected 'global' (T_GLOBAL) in C:\xampp\htdocs\wp1\wp-content\themes\storefront\GlobalCSV.php on line 25

2021-03-08T12:38:31+00:00 CRITICAL syntax error, unexpected ';' in C:\xampp\htdocs\wp1\wp-content\themes\storefront\GlobalCSV.php on line 31

2021-03-08T12:39:13+00:00 CRITICAL syntax error, unexpected ';' in C:\xampp\htdocs\wp1\wp-content\themes\storefront\GlobalCSV.php on line 32

2021-03-08T13:31:48+00:00 CRITICAL Uncaught Error: Object of class WP_Term could not be converted to string in C:\xampp\htdocs\wp1\wp-content\themes\storefront\GlobalCSV.php:45
Stack trace:
#0 C:\xampp\htdocs\wp1\wp-includes\class-wp-hook.php(287): GlobalCSV->on_admin_init('')
#1 C:\xampp\htdocs\wp1\wp-includes\class-wp-hook.php(311): WP_Hook->apply_filters(NULL, Array)
#2 C:\xampp\htdocs\wp1\wp-includes\plugin.php(484): WP_Hook->do_action(Array)
#3 C:\xampp\htdocs\wp1\wp-admin\admin-ajax.php(45): do_action('admin_init')
#4 {main}
  thrown in C:\xampp\htdocs\wp1\wp-content\themes\storefront\GlobalCSV.php on line 45

2021-03-08T13:31:49+00:00 CRITICAL Uncaught Error: Object of class WP_Term could not be converted to string in C:\xampp\htdocs\wp1\wp-content\themes\storefront\GlobalCSV.php:45
Stack trace:
#0 C:\xampp\htdocs\wp1\wp-includes\class-wp-hook.php(287): GlobalCSV->on_admin_init('')
#1 C:\xampp\htdocs\wp1\wp-includes\class-wp-hook.php(311): WP_Hook->apply_filters(NULL, Array)
#2 C:\xampp\htdocs\wp1\wp-includes\plugin.php(484): WP_Hook->do_action(Array)
#3 C:\xampp\htdocs\wp1\wp-admin\admin.php(175): do_action('admin_init')
#4 C:\xampp\htdocs\wp1\wp-admin\edit.php(10): require_once('C:\\xampp\\htdocs...')
#5 {main}
  thrown in C:\xampp\htdocs\wp1\wp-content\themes\storefront\GlobalCSV.php on line 45

2021-03-08T13:32:16+00:00 CRITICAL Uncaught Error: Object of class WP_Term could not be converted to string in C:\xampp\htdocs\wp1\wp-content\themes\storefront\GlobalCSV.php:45
Stack trace:
#0 C:\xampp\htdocs\wp1\wp-includes\class-wp-hook.php(287): GlobalCSV->on_admin_init('')
#1 C:\xampp\htdocs\wp1\wp-includes\class-wp-hook.php(311): WP_Hook->apply_filters(NULL, Array)
#2 C:\xampp\htdocs\wp1\wp-includes\plugin.php(484): WP_Hook->do_action(Array)
#3 C:\xampp\htdocs\wp1\wp-admin\admin.php(175): do_action('admin_init')
#4 C:\xampp\htdocs\wp1\wp-admin\edit.php(10): require_once('C:\\xampp\\htdocs...')
#5 {main}
  thrown in C:\xampp\htdocs\wp1\wp-content\themes\storefront\GlobalCSV.php on line 45

2021-03-08T13:32:17+00:00 CRITICAL Uncaught Error: Object of class WP_Term could not be converted to string in C:\xampp\htdocs\wp1\wp-content\themes\storefront\GlobalCSV.php:45
Stack trace:
#0 C:\xampp\htdocs\wp1\wp-includes\class-wp-hook.php(287): GlobalCSV->on_admin_init('')
#1 C:\xampp\htdocs\wp1\wp-includes\class-wp-hook.php(311): WP_Hook->apply_filters(NULL, Array)
#2 C:\xampp\htdocs\wp1\wp-includes\plugin.php(484): WP_Hook->do_action(Array)
#3 C:\xampp\htdocs\wp1\wp-admin\admin.php(175): do_action('admin_init')
#4 C:\xampp\htdocs\wp1\wp-admin\post.php(12): require_once('C:\\xampp\\htdocs...')
#5 {main}
  thrown in C:\xampp\htdocs\wp1\wp-content\themes\storefront\GlobalCSV.php on line 45

2021-03-08T13:33:04+00:00 CRITICAL Uncaught Error: Object of class WP_Term could not be converted to string in C:\xampp\htdocs\wp1\wp-content\themes\storefront\GlobalCSV.php:45
Stack trace:
#0 C:\xampp\htdocs\wp1\wp-includes\class-wp-hook.php(287): GlobalCSV->on_admin_init('')
#1 C:\xampp\htdocs\wp1\wp-includes\class-wp-hook.php(311): WP_Hook->apply_filters(NULL, Array)
#2 C:\xampp\htdocs\wp1\wp-includes\plugin.php(484): WP_Hook->do_action(Array)
#3 C:\xampp\htdocs\wp1\wp-admin\admin.php(175): do_action('admin_init')
#4 C:\xampp\htdocs\wp1\wp-admin\post.php(12): require_once('C:\\xampp\\htdocs...')
#5 {main}
  thrown in C:\xampp\htdocs\wp1\wp-content\themes\storefront\GlobalCSV.php on line 45

2021-03-08T13:52:31+00:00 CRITICAL syntax error, unexpected '""' (T_CONSTANT_ENCAPSED_STRING) in C:\xampp\htdocs\wp1\wp-content\themes\storefront\GlobalCSV.php on line 46

2021-03-08T13:52:51+00:00 CRITICAL syntax error, unexpected '""' (T_CONSTANT_ENCAPSED_STRING) in C:\xampp\htdocs\wp1\wp-content\themes\storefront\GlobalCSV.php on line 46

2021-03-08T13:53:11+00:00 CRITICAL syntax error, unexpected '$row_value' (T_VARIABLE) in C:\xampp\htdocs\wp1\wp-content\themes\storefront\GlobalCSV.php on line 47

2021-03-08T13:53:26+00:00 CRITICAL syntax error, unexpected '$row_value' (T_VARIABLE) in C:\xampp\htdocs\wp1\wp-content\themes\storefront\GlobalCSV.php on line 47

2021-03-08T13:54:32+00:00 CRITICAL syntax error, unexpected ';' in C:\xampp\htdocs\wp1\wp-content\themes\storefront\GlobalCSV.php on line 47

2021-03-08T13:56:27+00:00 CRITICAL syntax error, unexpected ';', expecting ')' in C:\xampp\htdocs\wp1\wp-content\themes\storefront\GlobalCSV.php on line 44

2021-03-08T13:56:33+00:00 CRITICAL syntax error, unexpected ';', expecting ')' in C:\xampp\htdocs\wp1\wp-content\themes\storefront\GlobalCSV.php on line 44

2021-03-08T13:57:34+00:00 CRITICAL Uncaught Error: Object of class WP_Term could not be converted to string in C:\xampp\htdocs\wp1\wp-content\themes\storefront\GlobalCSV.php:46
Stack trace:
#0 C:\xampp\htdocs\wp1\wp-includes\class-wp-hook.php(287): GlobalCSV->on_admin_init('')
#1 C:\xampp\htdocs\wp1\wp-includes\class-wp-hook.php(311): WP_Hook->apply_filters(NULL, Array)
#2 C:\xampp\htdocs\wp1\wp-includes\plugin.php(484): WP_Hook->do_action(Array)
#3 C:\xampp\htdocs\wp1\wp-admin\admin-ajax.php(45): do_action('admin_init')
#4 {main}
  thrown in C:\xampp\htdocs\wp1\wp-content\themes\storefront\GlobalCSV.php on line 46

2021-03-08T13:57:35+00:00 CRITICAL Uncaught Error: Object of class WP_Term could not be converted to string in C:\xampp\htdocs\wp1\wp-content\themes\storefront\GlobalCSV.php:46
Stack trace:
#0 C:\xampp\htdocs\wp1\wp-includes\class-wp-hook.php(287): GlobalCSV->on_admin_init('')
#1 C:\xampp\htdocs\wp1\wp-includes\class-wp-hook.php(311): WP_Hook->apply_filters(NULL, Array)
#2 C:\xampp\htdocs\wp1\wp-includes\plugin.php(484): WP_Hook->do_action(Array)
#3 C:\xampp\htdocs\wp1\wp-admin\admin.php(175): do_action('admin_init')
#4 C:\xampp\htdocs\wp1\wp-admin\edit.php(10): require_once('C:\\xampp\\htdocs...')
#5 {main}
  thrown in C:\xampp\htdocs\wp1\wp-content\themes\storefront\GlobalCSV.php on line 46

2021-03-08T13:57:55+00:00 CRITICAL Uncaught Error: Object of class WP_Term could not be converted to string in C:\xampp\htdocs\wp1\wp-content\themes\storefront\GlobalCSV.php:46
Stack trace:
#0 C:\xampp\htdocs\wp1\wp-includes\class-wp-hook.php(287): GlobalCSV->on_admin_init('')
#1 C:\xampp\htdocs\wp1\wp-includes\class-wp-hook.php(311): WP_Hook->apply_filters(NULL, Array)
#2 C:\xampp\htdocs\wp1\wp-includes\plugin.php(484): WP_Hook->do_action(Array)
#3 C:\xampp\htdocs\wp1\wp-admin\admin.php(175): do_action('admin_init')
#4 C:\xampp\htdocs\wp1\wp-admin\edit.php(10): require_once('C:\\xampp\\htdocs...')
#5 {main}
  thrown in C:\xampp\htdocs\wp1\wp-content\themes\storefront\GlobalCSV.php on line 46

2021-03-08T13:57:57+00:00 CRITICAL Uncaught Error: Object of class WP_Term could not be converted to string in C:\xampp\htdocs\wp1\wp-content\themes\storefront\GlobalCSV.php:46
Stack trace:
#0 C:\xampp\htdocs\wp1\wp-includes\class-wp-hook.php(287): GlobalCSV->on_admin_init('')
#1 C:\xampp\htdocs\wp1\wp-includes\class-wp-hook.php(311): WP_Hook->apply_filters(NULL, Array)
#2 C:\xampp\htdocs\wp1\wp-includes\plugin.php(484): WP_Hook->do_action(Array)
#3 C:\xampp\htdocs\wp1\wp-admin\admin-ajax.php(45): do_action('admin_init')
#4 {main}
  thrown in C:\xampp\htdocs\wp1\wp-content\themes\storefront\GlobalCSV.php on line 46

2021-03-08T13:57:59+00:00 CRITICAL Uncaught Error: Object of class WP_Term could not be converted to string in C:\xampp\htdocs\wp1\wp-content\themes\storefront\GlobalCSV.php:46
Stack trace:
#0 C:\xampp\htdocs\wp1\wp-includes\class-wp-hook.php(287): GlobalCSV->on_admin_init('')
#1 C:\xampp\htdocs\wp1\wp-includes\class-wp-hook.php(311): WP_Hook->apply_filters(NULL, Array)
#2 C:\xampp\htdocs\wp1\wp-includes\plugin.php(484): WP_Hook->do_action(Array)
#3 C:\xampp\htdocs\wp1\wp-admin\admin.php(175): do_action('admin_init')
#4 C:\xampp\htdocs\wp1\wp-admin\edit.php(10): require_once('C:\\xampp\\htdocs...')
#5 {main}
  thrown in C:\xampp\htdocs\wp1\wp-content\themes\storefront\GlobalCSV.php on line 46

2021-03-08T13:58:32+00:00 CRITICAL Uncaught Error: Object of class WP_Term could not be converted to string in C:\xampp\htdocs\wp1\wp-content\themes\storefront\GlobalCSV.php:46
Stack trace:
#0 C:\xampp\htdocs\wp1\wp-includes\class-wp-hook.php(287): GlobalCSV->on_admin_init('')
#1 C:\xampp\htdocs\wp1\wp-includes\class-wp-hook.php(311): WP_Hook->apply_filters(NULL, Array)
#2 C:\xampp\htdocs\wp1\wp-includes\plugin.php(484): WP_Hook->do_action(Array)
#3 C:\xampp\htdocs\wp1\wp-admin\admin.php(175): do_action('admin_init')
#4 C:\xampp\htdocs\wp1\wp-admin\edit.php(10): require_once('C:\\xampp\\htdocs...')
#5 {main}
  thrown in C:\xampp\htdocs\wp1\wp-content\themes\storefront\GlobalCSV.php on line 46

2021-03-08T13:58:34+00:00 CRITICAL Uncaught Error: Object of class WP_Term could not be converted to string in C:\xampp\htdocs\wp1\wp-content\themes\storefront\GlobalCSV.php:46
Stack trace:
#0 C:\xampp\htdocs\wp1\wp-includes\class-wp-hook.php(287): GlobalCSV->on_admin_init('')
#1 C:\xampp\htdocs\wp1\wp-includes\class-wp-hook.php(311): WP_Hook->apply_filters(NULL, Array)
#2 C:\xampp\htdocs\wp1\wp-includes\plugin.php(484): WP_Hook->do_action(Array)
#3 C:\xampp\htdocs\wp1\wp-admin\admin-ajax.php(45): do_action('admin_init')
#4 {main}
  thrown in C:\xampp\htdocs\wp1\wp-content\themes\storefront\GlobalCSV.php on line 46

2021-03-08T13:58:34+00:00 CRITICAL Uncaught Error: Object of class WP_Term could not be converted to string in C:\xampp\htdocs\wp1\wp-content\themes\storefront\GlobalCSV.php:46
Stack trace:
#0 C:\xampp\htdocs\wp1\wp-includes\class-wp-hook.php(287): GlobalCSV->on_admin_init('')
#1 C:\xampp\htdocs\wp1\wp-includes\class-wp-hook.php(311): WP_Hook->apply_filters(NULL, Array)
#2 C:\xampp\htdocs\wp1\wp-includes\plugin.php(484): WP_Hook->do_action(Array)
#3 C:\xampp\htdocs\wp1\wp-admin\admin-ajax.php(45): do_action('admin_init')
#4 {main}
  thrown in C:\xampp\htdocs\wp1\wp-content\themes\storefront\GlobalCSV.php on line 46

2021-03-08T13:58:35+00:00 CRITICAL Uncaught Error: Object of class WP_Term could not be converted to string in C:\xampp\htdocs\wp1\wp-content\themes\storefront\GlobalCSV.php:46
Stack trace:
#0 C:\xampp\htdocs\wp1\wp-includes\class-wp-hook.php(287): GlobalCSV->on_admin_init('')
#1 C:\xampp\htdocs\wp1\wp-includes\class-wp-hook.php(311): WP_Hook->apply_filters(NULL, Array)
#2 C:\xampp\htdocs\wp1\wp-includes\plugin.php(484): WP_Hook->do_action(Array)
#3 C:\xampp\htdocs\wp1\wp-admin\admin.php(175): do_action('admin_init')
#4 C:\xampp\htdocs\wp1\wp-admin\edit.php(10): require_once('C:\\xampp\\htdocs...')
#5 {main}
  thrown in C:\xampp\htdocs\wp1\wp-content\themes\storefront\GlobalCSV.php on line 46

2021-03-08T13:59:19+00:00 CRITICAL Uncaught Error: Object of class WP_Term could not be converted to string in C:\xampp\htdocs\wp1\wp-content\themes\storefront\GlobalCSV.php:46
Stack trace:
#0 C:\xampp\htdocs\wp1\wp-includes\class-wp-hook.php(287): GlobalCSV->on_admin_init('')
#1 C:\xampp\htdocs\wp1\wp-includes\class-wp-hook.php(311): WP_Hook->apply_filters(NULL, Array)
#2 C:\xampp\htdocs\wp1\wp-includes\plugin.php(484): WP_Hook->do_action(Array)
#3 C:\xampp\htdocs\wp1\wp-admin\admin.php(175): do_action('admin_init')
#4 C:\xampp\htdocs\wp1\wp-admin\edit.php(10): require_once('C:\\xampp\\htdocs...')
#5 {main}
  thrown in C:\xampp\htdocs\wp1\wp-content\themes\storefront\GlobalCSV.php on line 46

2021-03-08T14:04:26+00:00 CRITICAL syntax error, unexpected 'var_dump' (T_STRING) in C:\xampp\htdocs\wp1\wp-content\themes\storefront\GlobalCSV.php on line 45

2021-03-08T14:04:27+00:00 CRITICAL syntax error, unexpected 'var_dump' (T_STRING) in C:\xampp\htdocs\wp1\wp-content\themes\storefront\GlobalCSV.php on line 45

2021-03-08T14:04:28+00:00 CRITICAL syntax error, unexpected 'var_dump' (T_STRING) in C:\xampp\htdocs\wp1\wp-content\themes\storefront\GlobalCSV.php on line 45

2021-03-08T14:04:35+00:00 CRITICAL syntax error, unexpected 'var_dump' (T_STRING) in C:\xampp\htdocs\wp1\wp-content\themes\storefront\GlobalCSV.php on line 45

2021-03-08T14:15:01+00:00 CRITICAL syntax error, unexpected ')' in C:\xampp\htdocs\wp1\wp-content\themes\storefront\GlobalCSV.php on line 42

2021-03-08T14:15:07+00:00 CRITICAL syntax error, unexpected ')' in C:\xampp\htdocs\wp1\wp-content\themes\storefront\GlobalCSV.php on line 42

2021-03-08T14:28:19+00:00 CRITICAL Uncaught Error: Cannot use object of type WC_Product_Variable as array in C:\xampp\htdocs\wp1\wp-content\themes\storefront\GlobalCSV.php:41
Stack trace:
#0 C:\xampp\htdocs\wp1\wp-includes\class-wp-hook.php(287): GlobalCSV->on_admin_init('')
#1 C:\xampp\htdocs\wp1\wp-includes\class-wp-hook.php(311): WP_Hook->apply_filters(NULL, Array)
#2 C:\xampp\htdocs\wp1\wp-includes\plugin.php(484): WP_Hook->do_action(Array)
#3 C:\xampp\htdocs\wp1\wp-admin\admin.php(175): do_action('admin_init')
#4 C:\xampp\htdocs\wp1\wp-admin\post.php(12): require_once('C:\\xampp\\htdocs...')
#5 {main}
  thrown in C:\xampp\htdocs\wp1\wp-content\themes\storefront\GlobalCSV.php on line 41

2021-03-08T14:28:20+00:00 CRITICAL Uncaught Error: Cannot use object of type WC_Product_Variable as array in C:\xampp\htdocs\wp1\wp-content\themes\storefront\GlobalCSV.php:41
Stack trace:
#0 C:\xampp\htdocs\wp1\wp-includes\class-wp-hook.php(287): GlobalCSV->on_admin_init('')
#1 C:\xampp\htdocs\wp1\wp-includes\class-wp-hook.php(311): WP_Hook->apply_filters(NULL, Array)
#2 C:\xampp\htdocs\wp1\wp-includes\plugin.php(484): WP_Hook->do_action(Array)
#3 C:\xampp\htdocs\wp1\wp-admin\admin-ajax.php(45): do_action('admin_init')
#4 {main}
  thrown in C:\xampp\htdocs\wp1\wp-content\themes\storefront\GlobalCSV.php on line 41

2021-03-08T14:28:20+00:00 CRITICAL Uncaught Error: Cannot use object of type WC_Product_Variable as array in C:\xampp\htdocs\wp1\wp-content\themes\storefront\GlobalCSV.php:41
Stack trace:
#0 C:\xampp\htdocs\wp1\wp-includes\class-wp-hook.php(287): GlobalCSV->on_admin_init('')
#1 C:\xampp\htdocs\wp1\wp-includes\class-wp-hook.php(311): WP_Hook->apply_filters(NULL, Array)
#2 C:\xampp\htdocs\wp1\wp-includes\plugin.php(484): WP_Hook->do_action(Array)
#3 C:\xampp\htdocs\wp1\wp-admin\admin-ajax.php(45): do_action('admin_init')
#4 {main}
  thrown in C:\xampp\htdocs\wp1\wp-content\themes\storefront\GlobalCSV.php on line 41

2021-03-08T14:34:25+00:00 CRITICAL Uncaught Error: Call to undefined function get_the_categories() in C:\xampp\htdocs\wp1\wp-content\themes\storefront\GlobalCSV.php:41
Stack trace:
#0 C:\xampp\htdocs\wp1\wp-includes\class-wp-hook.php(287): GlobalCSV->on_admin_init('')
#1 C:\xampp\htdocs\wp1\wp-includes\class-wp-hook.php(311): WP_Hook->apply_filters(NULL, Array)
#2 C:\xampp\htdocs\wp1\wp-includes\plugin.php(484): WP_Hook->do_action(Array)
#3 C:\xampp\htdocs\wp1\wp-admin\admin-ajax.php(45): do_action('admin_init')
#4 {main}
  thrown in C:\xampp\htdocs\wp1\wp-content\themes\storefront\GlobalCSV.php on line 41

2021-03-08T14:34:26+00:00 CRITICAL Uncaught Error: Call to undefined function get_the_categories() in C:\xampp\htdocs\wp1\wp-content\themes\storefront\GlobalCSV.php:41
Stack trace:
#0 C:\xampp\htdocs\wp1\wp-includes\class-wp-hook.php(287): GlobalCSV->on_admin_init('')
#1 C:\xampp\htdocs\wp1\wp-includes\class-wp-hook.php(311): WP_Hook->apply_filters(NULL, Array)
#2 C:\xampp\htdocs\wp1\wp-includes\plugin.php(484): WP_Hook->do_action(Array)
#3 C:\xampp\htdocs\wp1\wp-admin\admin.php(175): do_action('admin_init')
#4 C:\xampp\htdocs\wp1\wp-admin\post.php(12): require_once('C:\\xampp\\htdocs...')
#5 {main}
  thrown in C:\xampp\htdocs\wp1\wp-content\themes\storefront\GlobalCSV.php on line 41

2021-03-08T14:34:27+00:00 CRITICAL Uncaught Error: Call to undefined function get_the_categories() in C:\xampp\htdocs\wp1\wp-content\themes\storefront\GlobalCSV.php:41
Stack trace:
#0 C:\xampp\htdocs\wp1\wp-includes\class-wp-hook.php(287): GlobalCSV->on_admin_init('')
#1 C:\xampp\htdocs\wp1\wp-includes\class-wp-hook.php(311): WP_Hook->apply_filters(NULL, Array)
#2 C:\xampp\htdocs\wp1\wp-includes\plugin.php(484): WP_Hook->do_action(Array)
#3 C:\xampp\htdocs\wp1\wp-admin\admin-ajax.php(45): do_action('admin_init')
#4 {main}
  thrown in C:\xampp\htdocs\wp1\wp-content\themes\storefront\GlobalCSV.php on line 41

2021-03-08T14:36:59+00:00 CRITICAL Uncaught Error: Call to undefined function get_the_categories() in C:\xampp\htdocs\wp1\wp-content\themes\storefront\GlobalCSV.php:41
Stack trace:
#0 C:\xampp\htdocs\wp1\wp-includes\class-wp-hook.php(287): GlobalCSV->on_admin_init('')
#1 C:\xampp\htdocs\wp1\wp-includes\class-wp-hook.php(311): WP_Hook->apply_filters(NULL, Array)
#2 C:\xampp\htdocs\wp1\wp-includes\plugin.php(484): WP_Hook->do_action(Array)
#3 C:\xampp\htdocs\wp1\wp-admin\admin-ajax.php(45): do_action('admin_init')
#4 {main}
  thrown in C:\xampp\htdocs\wp1\wp-content\themes\storefront\GlobalCSV.php on line 41

2021-03-08T14:38:08+00:00 CRITICAL Uncaught Error: Call to undefined function get_the_categories() in C:\xampp\htdocs\wp1\wp-content\themes\storefront\GlobalCSV.php:41
Stack trace:
#0 C:\xampp\htdocs\wp1\wp-includes\class-wp-hook.php(287): GlobalCSV->on_admin_init('')
#1 C:\xampp\htdocs\wp1\wp-includes\class-wp-hook.php(311): WP_Hook->apply_filters(NULL, Array)
#2 C:\xampp\htdocs\wp1\wp-includes\plugin.php(484): WP_Hook->do_action(Array)
#3 C:\xampp\htdocs\wp1\wp-admin\admin-ajax.php(45): do_action('admin_init')
#4 {main}
  thrown in C:\xampp\htdocs\wp1\wp-content\themes\storefront\GlobalCSV.php on line 41

2021-03-08T14:38:18+00:00 CRITICAL Uncaught Error: Call to undefined function get_the_categories() in C:\xampp\htdocs\wp1\wp-content\themes\storefront\GlobalCSV.php:41
Stack trace:
#0 C:\xampp\htdocs\wp1\wp-includes\class-wp-hook.php(287): GlobalCSV->on_admin_init('')
#1 C:\xampp\htdocs\wp1\wp-includes\class-wp-hook.php(311): WP_Hook->apply_filters(NULL, Array)
#2 C:\xampp\htdocs\wp1\wp-includes\plugin.php(484): WP_Hook->do_action(Array)
#3 C:\xampp\htdocs\wp1\wp-admin\admin-ajax.php(45): do_action('admin_init')
#4 {main}
  thrown in C:\xampp\htdocs\wp1\wp-content\themes\storefront\GlobalCSV.php on line 41

2021-03-08T14:38:24+00:00 CRITICAL Uncaught Error: Call to undefined function get_the_categories() in C:\xampp\htdocs\wp1\wp-content\themes\storefront\GlobalCSV.php:41
Stack trace:
#0 C:\xampp\htdocs\wp1\wp-includes\class-wp-hook.php(287): GlobalCSV->on_admin_init('')
#1 C:\xampp\htdocs\wp1\wp-includes\class-wp-hook.php(311): WP_Hook->apply_filters(NULL, Array)
#2 C:\xampp\htdocs\wp1\wp-includes\plugin.php(484): WP_Hook->do_action(Array)
#3 C:\xampp\htdocs\wp1\wp-admin\admin-ajax.php(45): do_action('admin_init')
#4 {main}
  thrown in C:\xampp\htdocs\wp1\wp-content\themes\storefront\GlobalCSV.php on line 41

2021-03-08T14:38:33+00:00 CRITICAL Uncaught Error: Call to undefined function get_the_categories() in C:\xampp\htdocs\wp1\wp-content\themes\storefront\GlobalCSV.php:41
Stack trace:
#0 C:\xampp\htdocs\wp1\wp-includes\class-wp-hook.php(287): GlobalCSV->on_admin_init('')
#1 C:\xampp\htdocs\wp1\wp-includes\class-wp-hook.php(311): WP_Hook->apply_filters(NULL, Array)
#2 C:\xampp\htdocs\wp1\wp-includes\plugin.php(484): WP_Hook->do_action(Array)
#3 C:\xampp\htdocs\wp1\wp-admin\admin-ajax.php(45): do_action('admin_init')
#4 {main}
  thrown in C:\xampp\htdocs\wp1\wp-content\themes\storefront\GlobalCSV.php on line 41

2021-03-08T14:38:40+00:00 CRITICAL Uncaught Error: Call to undefined function get_the_categories() in C:\xampp\htdocs\wp1\wp-content\themes\storefront\GlobalCSV.php:41
Stack trace:
#0 C:\xampp\htdocs\wp1\wp-includes\class-wp-hook.php(287): GlobalCSV->on_admin_init('')
#1 C:\xampp\htdocs\wp1\wp-includes\class-wp-hook.php(311): WP_Hook->apply_filters(NULL, Array)
#2 C:\xampp\htdocs\wp1\wp-includes\plugin.php(484): WP_Hook->do_action(Array)
#3 C:\xampp\htdocs\wp1\wp-admin\admin-ajax.php(45): do_action('admin_init')
#4 {main}
  thrown in C:\xampp\htdocs\wp1\wp-content\themes\storefront\GlobalCSV.php on line 41

2021-03-08T14:38:49+00:00 CRITICAL Uncaught Error: Call to undefined function get_the_categories() in C:\xampp\htdocs\wp1\wp-content\themes\storefront\GlobalCSV.php:41
Stack trace:
#0 C:\xampp\htdocs\wp1\wp-includes\class-wp-hook.php(287): GlobalCSV->on_admin_init('')
#1 C:\xampp\htdocs\wp1\wp-includes\class-wp-hook.php(311): WP_Hook->apply_filters(NULL, Array)
#2 C:\xampp\htdocs\wp1\wp-includes\plugin.php(484): WP_Hook->do_action(Array)
#3 C:\xampp\htdocs\wp1\wp-admin\admin-ajax.php(45): do_action('admin_init')
#4 {main}
  thrown in C:\xampp\htdocs\wp1\wp-content\themes\storefront\GlobalCSV.php on line 41

2021-03-08T14:38:53+00:00 CRITICAL Uncaught Error: Call to undefined function get_the_categories() in C:\xampp\htdocs\wp1\wp-content\themes\storefront\GlobalCSV.php:41
Stack trace:
#0 C:\xampp\htdocs\wp1\wp-includes\class-wp-hook.php(287): GlobalCSV->on_admin_init('')
#1 C:\xampp\htdocs\wp1\wp-includes\class-wp-hook.php(311): WP_Hook->apply_filters(NULL, Array)
#2 C:\xampp\htdocs\wp1\wp-includes\plugin.php(484): WP_Hook->do_action(Array)
#3 C:\xampp\htdocs\wp1\wp-admin\admin.php(175): do_action('admin_init')
#4 C:\xampp\htdocs\wp1\wp-admin\post.php(12): require_once('C:\\xampp\\htdocs...')
#5 {main}
  thrown in C:\xampp\htdocs\wp1\wp-content\themes\storefront\GlobalCSV.php on line 41

2021-03-08T14:38:54+00:00 CRITICAL Uncaught Error: Call to undefined function get_the_categories() in C:\xampp\htdocs\wp1\wp-content\themes\storefront\GlobalCSV.php:41
Stack trace:
#0 C:\xampp\htdocs\wp1\wp-includes\class-wp-hook.php(287): GlobalCSV->on_admin_init('')
#1 C:\xampp\htdocs\wp1\wp-includes\class-wp-hook.php(311): WP_Hook->apply_filters(NULL, Array)
#2 C:\xampp\htdocs\wp1\wp-includes\plugin.php(484): WP_Hook->do_action(Array)
#3 C:\xampp\htdocs\wp1\wp-admin\admin-ajax.php(45): do_action('admin_init')
#4 {main}
  thrown in C:\xampp\htdocs\wp1\wp-content\themes\storefront\GlobalCSV.php on line 41

2021-03-08T14:38:56+00:00 CRITICAL Uncaught Error: Call to undefined function get_the_categories() in C:\xampp\htdocs\wp1\wp-content\themes\storefront\GlobalCSV.php:41
Stack trace:
#0 C:\xampp\htdocs\wp1\wp-includes\class-wp-hook.php(287): GlobalCSV->on_admin_init('')
#1 C:\xampp\htdocs\wp1\wp-includes\class-wp-hook.php(311): WP_Hook->apply_filters(NULL, Array)
#2 C:\xampp\htdocs\wp1\wp-includes\plugin.php(484): WP_Hook->do_action(Array)
#3 C:\xampp\htdocs\wp1\wp-admin\admin-ajax.php(45): do_action('admin_init')
#4 {main}
  thrown in C:\xampp\htdocs\wp1\wp-content\themes\storefront\GlobalCSV.php on line 41

2021-03-08T14:49:02+00:00 CRITICAL Uncaught Error: Call to undefined function get_category_ids() in C:\xampp\htdocs\wp1\wp-content\themes\storefront\GlobalCSV.php:41
Stack trace:
#0 C:\xampp\htdocs\wp1\wp-includes\class-wp-hook.php(287): GlobalCSV->on_admin_init('')
#1 C:\xampp\htdocs\wp1\wp-includes\class-wp-hook.php(311): WP_Hook->apply_filters(NULL, Array)
#2 C:\xampp\htdocs\wp1\wp-includes\plugin.php(484): WP_Hook->do_action(Array)
#3 C:\xampp\htdocs\wp1\wp-admin\admin.php(175): do_action('admin_init')
#4 C:\xampp\htdocs\wp1\wp-admin\post.php(12): require_once('C:\\xampp\\htdocs...')
#5 {main}
  thrown in C:\xampp\htdocs\wp1\wp-content\themes\storefront\GlobalCSV.php on line 41

2021-03-08T14:49:02+00:00 CRITICAL Uncaught Error: Call to undefined function get_category_ids() in C:\xampp\htdocs\wp1\wp-content\themes\storefront\GlobalCSV.php:41
Stack trace:
#0 C:\xampp\htdocs\wp1\wp-includes\class-wp-hook.php(287): GlobalCSV->on_admin_init('')
#1 C:\xampp\htdocs\wp1\wp-includes\class-wp-hook.php(311): WP_Hook->apply_filters(NULL, Array)
#2 C:\xampp\htdocs\wp1\wp-includes\plugin.php(484): WP_Hook->do_action(Array)
#3 C:\xampp\htdocs\wp1\wp-admin\admin-ajax.php(45): do_action('admin_init')
#4 {main}
  thrown in C:\xampp\htdocs\wp1\wp-content\themes\storefront\GlobalCSV.php on line 41

2021-03-08T14:57:02+00:00 CRITICAL syntax error, unexpected '}' in C:\xampp\htdocs\wp1\wp-content\themes\storefront\GlobalCSV.php on line 53

2021-03-08T14:57:09+00:00 CRITICAL syntax error, unexpected '}' in C:\xampp\htdocs\wp1\wp-content\themes\storefront\GlobalCSV.php on line 53

2021-03-08T14:57:15+00:00 CRITICAL syntax error, unexpected '}' in C:\xampp\htdocs\wp1\wp-content\themes\storefront\GlobalCSV.php on line 53

2021-03-08T14:57:19+00:00 CRITICAL syntax error, unexpected '}' in C:\xampp\htdocs\wp1\wp-content\themes\storefront\GlobalCSV.php on line 53

2021-03-08T15:19:48+00:00 CRITICAL Uncaught Error: Call to a member function get_category_ids() on bool in C:\xampp\htdocs\wp1\wp-content\themes\storefront\GlobalCSV.php:47
Stack trace:
#0 C:\xampp\htdocs\wp1\wp-includes\class-wp-hook.php(287): GlobalCSV->on_admin_init('')
#1 C:\xampp\htdocs\wp1\wp-includes\class-wp-hook.php(311): WP_Hook->apply_filters(NULL, Array)
#2 C:\xampp\htdocs\wp1\wp-includes\plugin.php(484): WP_Hook->do_action(Array)
#3 C:\xampp\htdocs\wp1\wp-admin\admin-ajax.php(45): do_action('admin_init')
#4 {main}
  thrown in C:\xampp\htdocs\wp1\wp-content\themes\storefront\GlobalCSV.php on line 47

2021-03-08T15:19:50+00:00 CRITICAL Uncaught Error: Call to a member function get_category_ids() on bool in C:\xampp\htdocs\wp1\wp-content\themes\storefront\GlobalCSV.php:47
Stack trace:
#0 C:\xampp\htdocs\wp1\wp-includes\class-wp-hook.php(287): GlobalCSV->on_admin_init('')
#1 C:\xampp\htdocs\wp1\wp-includes\class-wp-hook.php(311): WP_Hook->apply_filters(NULL, Array)
#2 C:\xampp\htdocs\wp1\wp-includes\plugin.php(484): WP_Hook->do_action(Array)
#3 C:\xampp\htdocs\wp1\wp-admin\admin-ajax.php(45): do_action('admin_init')
#4 {main}
  thrown in C:\xampp\htdocs\wp1\wp-content\themes\storefront\GlobalCSV.php on line 47

2021-03-08T15:19:50+00:00 CRITICAL Uncaught Error: Call to a member function get_category_ids() on bool in C:\xampp\htdocs\wp1\wp-content\themes\storefront\GlobalCSV.php:47
Stack trace:
#0 C:\xampp\htdocs\wp1\wp-includes\class-wp-hook.php(287): GlobalCSV->on_admin_init('')
#1 C:\xampp\htdocs\wp1\wp-includes\class-wp-hook.php(311): WP_Hook->apply_filters(NULL, Array)
#2 C:\xampp\htdocs\wp1\wp-includes\plugin.php(484): WP_Hook->do_action(Array)
#3 C:\xampp\htdocs\wp1\wp-admin\admin.php(175): do_action('admin_init')
#4 C:\xampp\htdocs\wp1\wp-admin\post.php(12): require_once('C:\\xampp\\htdocs...')
#5 {main}
  thrown in C:\xampp\htdocs\wp1\wp-content\themes\storefront\GlobalCSV.php on line 47

2021-03-08T15:19:51+00:00 CRITICAL Uncaught Error: Call to a member function get_category_ids() on bool in C:\xampp\htdocs\wp1\wp-content\themes\storefront\GlobalCSV.php:47
Stack trace:
#0 C:\xampp\htdocs\wp1\wp-includes\class-wp-hook.php(287): GlobalCSV->on_admin_init('')
#1 C:\xampp\htdocs\wp1\wp-includes\class-wp-hook.php(311): WP_Hook->apply_filters(NULL, Array)
#2 C:\xampp\htdocs\wp1\wp-includes\plugin.php(484): WP_Hook->do_action(Array)
#3 C:\xampp\htdocs\wp1\wp-admin\admin-ajax.php(45): do_action('admin_init')
#4 {main}
  thrown in C:\xampp\htdocs\wp1\wp-content\themes\storefront\GlobalCSV.php on line 47

2021-03-08T15:20:04+00:00 CRITICAL Uncaught Error: Call to a member function get_category_ids() on bool in C:\xampp\htdocs\wp1\wp-content\themes\storefront\GlobalCSV.php:47
Stack trace:
#0 C:\xampp\htdocs\wp1\wp-includes\class-wp-hook.php(287): GlobalCSV->on_admin_init('')
#1 C:\xampp\htdocs\wp1\wp-includes\class-wp-hook.php(311): WP_Hook->apply_filters(NULL, Array)
#2 C:\xampp\htdocs\wp1\wp-includes\plugin.php(484): WP_Hook->do_action(Array)
#3 C:\xampp\htdocs\wp1\wp-admin\admin-ajax.php(45): do_action('admin_init')
#4 {main}
  thrown in C:\xampp\htdocs\wp1\wp-content\themes\storefront\GlobalCSV.php on line 47

