2021-03-09T09:07:31+00:00 CRITICAL Uncaught Error: Call to undefined function str_repelace() in C:\xampp\htdocs\wp1\wp-content\themes\storefront\GlobalCSV.php:50
Stack trace:
#0 C:\xampp\htdocs\wp1\wp-includes\class-wp-hook.php(287): GlobalCSV->on_admin_init('')
#1 C:\xampp\htdocs\wp1\wp-includes\class-wp-hook.php(311): WP_Hook->apply_filters(NULL, Array)
#2 C:\xampp\htdocs\wp1\wp-includes\plugin.php(484): WP_Hook->do_action(Array)
#3 C:\xampp\htdocs\wp1\wp-admin\admin-ajax.php(45): do_action('admin_init')
#4 {main}
  thrown in C:\xampp\htdocs\wp1\wp-content\themes\storefront\GlobalCSV.php on line 50

2021-03-09T09:07:31+00:00 CRITICAL Uncaught Error: Call to undefined function str_repelace() in C:\xampp\htdocs\wp1\wp-content\themes\storefront\GlobalCSV.php:50
Stack trace:
#0 C:\xampp\htdocs\wp1\wp-includes\class-wp-hook.php(287): GlobalCSV->on_admin_init('')
#1 C:\xampp\htdocs\wp1\wp-includes\class-wp-hook.php(311): WP_Hook->apply_filters(NULL, Array)
#2 C:\xampp\htdocs\wp1\wp-includes\plugin.php(484): WP_Hook->do_action(Array)
#3 C:\xampp\htdocs\wp1\wp-admin\admin.php(175): do_action('admin_init')
#4 C:\xampp\htdocs\wp1\wp-admin\edit.php(10): require_once('C:\\xampp\\htdocs...')
#5 {main}
  thrown in C:\xampp\htdocs\wp1\wp-content\themes\storefront\GlobalCSV.php on line 50

2021-03-09T10:37:04+00:00 CRITICAL syntax error, unexpected 'foreach' (T_FOREACH) in C:\xampp\htdocs\wp1\wp-content\themes\storefront\CustomApi.php on line 24

2021-03-09T10:37:27+00:00 CRITICAL syntax error, unexpected 'foreach' (T_FOREACH) in C:\xampp\htdocs\wp1\wp-content\themes\storefront\CustomApi.php on line 24

2021-03-09T10:37:31+00:00 CRITICAL syntax error, unexpected 'foreach' (T_FOREACH) in C:\xampp\htdocs\wp1\wp-content\themes\storefront\CustomApi.php on line 24

