2021-03-01T09:46:42+00:00 CRITICAL Uncaught Error: Call to a member function add_custom_fields() on null in C:\xampp\htdocs\wp1\wp-content\plugins\woocommerce\templates\content-single-product.php:62
Stack trace:
#0 C:\xampp\htdocs\wp1\wp-includes\template.php(732): require()
#1 C:\xampp\htdocs\wp1\wp-content\plugins\woocommerce\includes\wc-core-functions.php(284): load_template('C:\\xampp\\htdocs...', false)
#2 C:\xampp\htdocs\wp1\wp-content\plugins\woocommerce\templates\single-product.php(37): wc_get_template_part('content', 'single-product')
#3 C:\xampp\htdocs\wp1\wp-includes\template-loader.php(106): include('C:\\xampp\\htdocs...')
#4 C:\xampp\htdocs\wp1\wp-blog-header.php(19): require_once('C:\\xampp\\htdocs...')
#5 C:\xampp\htdocs\wp1\index.php(17): require('C:\\xampp\\htdocs...')
#6 {main}
  thrown in C:\xampp\htdocs\wp1\wp-content\plugins\woocommerce\templates\content-single-product.php on line 62

2021-03-01T10:07:05+00:00 CRITICAL syntax error, unexpected ';', expecting ')' in C:\xampp\htdocs\wp1\wp-content\themes\storefront\task1.php on line 86

2021-03-01T10:09:25+00:00 CRITICAL syntax error, unexpected 'global' (T_GLOBAL) in C:\xampp\htdocs\wp1\wp-content\themes\storefront\task1.php on line 87

2021-03-01T11:11:24+00:00 CRITICAL Uncaught ArgumentCountError: Too few arguments to function wp_schedule_event(), 0 passed in C:\xampp\htdocs\wp1\wp-content\themes\storefront\functions.php on line 94 and at least 3 expected in C:\xampp\htdocs\wp1\wp-includes\cron.php:195
Stack trace:
#0 C:\xampp\htdocs\wp1\wp-content\themes\storefront\functions.php(94): wp_schedule_event()
#1 C:\xampp\htdocs\wp1\wp-settings.php(525): include('C:\\xampp\\htdocs...')
#2 C:\xampp\htdocs\wp1\wp-config.php(90): require_once('C:\\xampp\\htdocs...')
#3 C:\xampp\htdocs\wp1\wp-load.php(37): require_once('C:\\xampp\\htdocs...')
#4 C:\xampp\htdocs\wp1\wp-admin\admin.php(34): require_once('C:\\xampp\\htdocs...')
#5 C:\xampp\htdocs\wp1\wp-admin\tools.php(40): require_once('C:\\xampp\\htdocs...')
#6 {main}
  thrown in C:\xampp\htdocs\wp1\wp-includes\cron.php on line 195

2021-03-01T11:14:18+00:00 CRITICAL Cannot redeclare wp_schedule_event() (previously declared in C:\xampp\htdocs\wp1\wp-includes\cron.php:195) in C:\xampp\htdocs\wp1\wp-content\themes\storefront\functions.php on line 86

2021-03-01T11:14:20+00:00 CRITICAL Cannot redeclare wp_schedule_event() (previously declared in C:\xampp\htdocs\wp1\wp-includes\cron.php:195) in C:\xampp\htdocs\wp1\wp-content\themes\storefront\functions.php on line 86

2021-03-01T11:17:20+00:00 CRITICAL Uncaught ArgumentCountError: Too few arguments to function wp_schedule_single_event(), 0 passed in C:\xampp\htdocs\wp1\wp-content\themes\storefront\functions.php on line 91 and at least 2 expected in C:\xampp\htdocs\wp1\wp-includes\cron.php:37
Stack trace:
#0 C:\xampp\htdocs\wp1\wp-content\themes\storefront\functions.php(91): wp_schedule_single_event()
#1 C:\xampp\htdocs\wp1\wp-settings.php(525): include('C:\\xampp\\htdocs...')
#2 C:\xampp\htdocs\wp1\wp-config.php(90): require_once('C:\\xampp\\htdocs...')
#3 C:\xampp\htdocs\wp1\wp-load.php(37): require_once('C:\\xampp\\htdocs...')
#4 C:\xampp\htdocs\wp1\wp-admin\admin-ajax.php(22): require_once('C:\\xampp\\htdocs...')
#5 {main}
  thrown in C:\xampp\htdocs\wp1\wp-includes\cron.php on line 37

2021-03-01T12:13:18+00:00 CRITICAL Cannot redeclare Task1::send_mail() in C:\xampp\htdocs\wp1\wp-content\themes\storefront\task1.php on line 97

2021-03-01T12:33:08+00:00 CRITICAL syntax error, unexpected ')' in C:\xampp\htdocs\wp1\wp-content\themes\storefront\task1.php on line 16

2021-03-01T12:33:10+00:00 CRITICAL syntax error, unexpected ')' in C:\xampp\htdocs\wp1\wp-content\themes\storefront\task1.php on line 16

2021-03-01T12:33:25+00:00 CRITICAL syntax error, unexpected ')' in C:\xampp\htdocs\wp1\wp-content\themes\storefront\task1.php on line 16

2021-03-01T12:33:28+00:00 CRITICAL syntax error, unexpected ')' in C:\xampp\htdocs\wp1\wp-content\themes\storefront\task1.php on line 16

2021-03-01T12:53:40+00:00 CRITICAL syntax error, unexpected 'new' (T_NEW) in C:\xampp\htdocs\wp1\wp-content\themes\storefront\task1.php on line 107

2021-03-01T12:54:24+00:00 CRITICAL syntax error, unexpected 'new' (T_NEW) in C:\xampp\htdocs\wp1\wp-content\themes\storefront\task1.php on line 113

2021-03-01T12:54:31+00:00 CRITICAL syntax error, unexpected 'new' (T_NEW) in C:\xampp\htdocs\wp1\wp-content\themes\storefront\task1.php on line 113

2021-03-01T12:58:39+00:00 CRITICAL syntax error, unexpected ')' in C:\xampp\htdocs\wp1\wp-content\themes\storefront\task1.php on line 116

2021-03-01T13:02:05+00:00 CRITICAL Uncaught Error: Cannot use object of type WP_Tax_Query as array in C:\xampp\htdocs\wp1\wp-content\themes\storefront\task1.php:118
Stack trace:
#0 C:\xampp\htdocs\wp1\wp-includes\class-wp-hook.php(287): Task1->data_for_cron('')
#1 C:\xampp\htdocs\wp1\wp-includes\class-wp-hook.php(311): WP_Hook->apply_filters(NULL, Array)
#2 C:\xampp\htdocs\wp1\wp-includes\plugin.php(484): WP_Hook->do_action(Array)
#3 C:\xampp\htdocs\wp1\wp-content\plugins\woocommerce\templates\content-single-product.php(46): do_action('woocommerce_bef...')
#4 C:\xampp\htdocs\wp1\wp-includes\template.php(732): require('C:\\xampp\\htdocs...')
#5 C:\xampp\htdocs\wp1\wp-content\plugins\woocommerce\includes\wc-core-functions.php(284): load_template('C:\\xampp\\htdocs...', false)
#6 C:\xampp\htdocs\wp1\wp-content\plugins\woocommerce\templates\single-product.php(37): wc_get_template_part('content', 'single-product')
#7 C:\xampp\htdocs\wp1\wp-includes\template-loader.php(106): include('C:\\xampp\\htdocs...')
#8 C:\xampp\htdocs\wp1\wp-blog-header.php(1 in C:\xampp\htdocs\wp1\wp-content\themes\storefront\task1.php on line 118

2021-03-01T13:05:39+00:00 CRITICAL Uncaught Error: Cannot use object of type WP_Tax_Query as array in C:\xampp\htdocs\wp1\wp-content\themes\storefront\task1.php:120
Stack trace:
#0 C:\xampp\htdocs\wp1\wp-includes\class-wp-hook.php(287): Task1->data_for_cron('')
#1 C:\xampp\htdocs\wp1\wp-includes\class-wp-hook.php(311): WP_Hook->apply_filters(NULL, Array)
#2 C:\xampp\htdocs\wp1\wp-includes\plugin.php(484): WP_Hook->do_action(Array)
#3 C:\xampp\htdocs\wp1\wp-content\plugins\woocommerce\templates\content-single-product.php(46): do_action('woocommerce_bef...')
#4 C:\xampp\htdocs\wp1\wp-includes\template.php(732): require('C:\\xampp\\htdocs...')
#5 C:\xampp\htdocs\wp1\wp-content\plugins\woocommerce\includes\wc-core-functions.php(284): load_template('C:\\xampp\\htdocs...', false)
#6 C:\xampp\htdocs\wp1\wp-content\plugins\woocommerce\templates\single-product.php(37): wc_get_template_part('content', 'single-product')
#7 C:\xampp\htdocs\wp1\wp-includes\template-loader.php(106): include('C:\\xampp\\htdocs...')
#8 C:\xampp\htdocs\wp1\wp-blog-header.php(1 in C:\xampp\htdocs\wp1\wp-content\themes\storefront\task1.php on line 120

2021-03-01T13:05:57+00:00 CRITICAL Uncaught Error: Cannot use object of type WP_Query as array in C:\xampp\htdocs\wp1\wp-content\themes\storefront\task1.php:118
Stack trace:
#0 C:\xampp\htdocs\wp1\wp-includes\class-wp-hook.php(287): Task1->data_for_cron('')
#1 C:\xampp\htdocs\wp1\wp-includes\class-wp-hook.php(311): WP_Hook->apply_filters(NULL, Array)
#2 C:\xampp\htdocs\wp1\wp-includes\plugin.php(484): WP_Hook->do_action(Array)
#3 C:\xampp\htdocs\wp1\wp-content\plugins\woocommerce\templates\content-single-product.php(46): do_action('woocommerce_bef...')
#4 C:\xampp\htdocs\wp1\wp-includes\template.php(732): require('C:\\xampp\\htdocs...')
#5 C:\xampp\htdocs\wp1\wp-content\plugins\woocommerce\includes\wc-core-functions.php(284): load_template('C:\\xampp\\htdocs...', false)
#6 C:\xampp\htdocs\wp1\wp-content\plugins\woocommerce\templates\single-product.php(37): wc_get_template_part('content', 'single-product')
#7 C:\xampp\htdocs\wp1\wp-includes\template-loader.php(106): include('C:\\xampp\\htdocs...')
#8 C:\xampp\htdocs\wp1\wp-blog-header.php(19):  in C:\xampp\htdocs\wp1\wp-content\themes\storefront\task1.php on line 118

2021-03-01T13:06:45+00:00 CRITICAL Uncaught Error: Cannot use object of type WP_Tax_Query as array in C:\xampp\htdocs\wp1\wp-content\themes\storefront\task1.php:121
Stack trace:
#0 C:\xampp\htdocs\wp1\wp-includes\class-wp-hook.php(287): Task1->data_for_cron('')
#1 C:\xampp\htdocs\wp1\wp-includes\class-wp-hook.php(311): WP_Hook->apply_filters(NULL, Array)
#2 C:\xampp\htdocs\wp1\wp-includes\plugin.php(484): WP_Hook->do_action(Array)
#3 C:\xampp\htdocs\wp1\wp-content\plugins\woocommerce\templates\content-single-product.php(46): do_action('woocommerce_bef...')
#4 C:\xampp\htdocs\wp1\wp-includes\template.php(732): require('C:\\xampp\\htdocs...')
#5 C:\xampp\htdocs\wp1\wp-content\plugins\woocommerce\includes\wc-core-functions.php(284): load_template('C:\\xampp\\htdocs...', false)
#6 C:\xampp\htdocs\wp1\wp-content\plugins\woocommerce\templates\single-product.php(37): wc_get_template_part('content', 'single-product')
#7 C:\xampp\htdocs\wp1\wp-includes\template-loader.php(106): include('C:\\xampp\\htdocs...')
#8 C:\xampp\htdocs\wp1\wp-blog-header.php(1 in C:\xampp\htdocs\wp1\wp-content\themes\storefront\task1.php on line 121

2021-03-01T13:12:15+00:00 CRITICAL Uncaught Error: Call to undefined function wc_get_poroduct() in C:\xampp\htdocs\wp1\wp-content\themes\storefront\task1.php:104
Stack trace:
#0 C:\xampp\htdocs\wp1\wp-includes\class-wp-hook.php(287): Task1->data_for_cron('')
#1 C:\xampp\htdocs\wp1\wp-includes\class-wp-hook.php(311): WP_Hook->apply_filters(NULL, Array)
#2 C:\xampp\htdocs\wp1\wp-includes\plugin.php(484): WP_Hook->do_action(Array)
#3 C:\xampp\htdocs\wp1\wp-content\plugins\woocommerce\templates\content-single-product.php(46): do_action('woocommerce_bef...')
#4 C:\xampp\htdocs\wp1\wp-includes\template.php(732): require('C:\\xampp\\htdocs...')
#5 C:\xampp\htdocs\wp1\wp-content\plugins\woocommerce\includes\wc-core-functions.php(284): load_template('C:\\xampp\\htdocs...', false)
#6 C:\xampp\htdocs\wp1\wp-content\plugins\woocommerce\templates\single-product.php(37): wc_get_template_part('content', 'single-product')
#7 C:\xampp\htdocs\wp1\wp-includes\template-loader.php(106): include('C:\\xampp\\htdocs...')
#8 C:\xampp\htdocs\wp1\wp-blog-header.php(19): in C:\xampp\htdocs\wp1\wp-content\themes\storefront\task1.php on line 104

2021-03-01T13:19:31+00:00 CRITICAL syntax error, unexpected '}' in C:\xampp\htdocs\wp1\wp-content\themes\storefront\task1.php on line 105

2021-03-01T13:23:57+00:00 CRITICAL syntax error, unexpected ')' in C:\xampp\htdocs\wp1\wp-content\themes\storefront\task1.php on line 107

2021-03-01T14:13:25+00:00 CRITICAL Uncaught Error: Call to undefined function allow_url_fopen() in C:\xampp\htdocs\wp1\wp-content\themes\storefront\functions.php:99
Stack trace:
#0 C:\xampp\htdocs\wp1\wp-settings.php(525): include()
#1 C:\xampp\htdocs\wp1\wp-config.php(91): require_once('C:\\xampp\\htdocs...')
#2 C:\xampp\htdocs\wp1\wp-load.php(37): require_once('C:\\xampp\\htdocs...')
#3 C:\xampp\htdocs\wp1\wp-blog-header.php(13): require_once('C:\\xampp\\htdocs...')
#4 C:\xampp\htdocs\wp1\index.php(17): require('C:\\xampp\\htdocs...')
#5 {main}
  thrown in C:\xampp\htdocs\wp1\wp-content\themes\storefront\functions.php on line 99

2021-03-01T14:13:36+00:00 CRITICAL Uncaught Error: Call to undefined function allow_url_fopen() in C:\xampp\htdocs\wp1\wp-content\themes\storefront\functions.php:99
Stack trace:
#0 C:\xampp\htdocs\wp1\wp-settings.php(525): include()
#1 C:\xampp\htdocs\wp1\wp-config.php(91): require_once('C:\\xampp\\htdocs...')
#2 C:\xampp\htdocs\wp1\wp-load.php(37): require_once('C:\\xampp\\htdocs...')
#3 C:\xampp\htdocs\wp1\wp-blog-header.php(13): require_once('C:\\xampp\\htdocs...')
#4 C:\xampp\htdocs\wp1\index.php(17): require('C:\\xampp\\htdocs...')
#5 {main}
  thrown in C:\xampp\htdocs\wp1\wp-content\themes\storefront\functions.php on line 99

2021-03-01T14:16:46+00:00 CRITICAL Uncaught Error: Call to undefined function allow_url_fopen() in C:\xampp\htdocs\wp1\wp-content\themes\storefront\functions.php:99
Stack trace:
#0 C:\xampp\htdocs\wp1\wp-settings.php(525): include()
#1 C:\xampp\htdocs\wp1\wp-config.php(91): require_once('C:\\xampp\\htdocs...')
#2 C:\xampp\htdocs\wp1\wp-load.php(37): require_once('C:\\xampp\\htdocs...')
#3 C:\xampp\htdocs\wp1\wp-blog-header.php(13): require_once('C:\\xampp\\htdocs...')
#4 C:\xampp\htdocs\wp1\index.php(17): require('C:\\xampp\\htdocs...')
#5 {main}
  thrown in C:\xampp\htdocs\wp1\wp-content\themes\storefront\functions.php on line 99

2021-03-01T14:28:18+00:00 CRITICAL syntax error, unexpected ',', expecting ']' in C:\xampp\htdocs\wp1\wp-content\themes\storefront\functions.php on line 87

2021-03-01T14:37:23+00:00 CRITICAL syntax error, unexpected '"John Smith\n"' (T_CONSTANT_ENCAPSED_STRING) in C:\xampp\htdocs\wp1\wp-content\themes\storefront\task1.php on line 139

2021-03-01T15:25:21+00:00 CRITICAL syntax error, unexpected '$product' (T_VARIABLE) in C:\xampp\htdocs\wp1\wp-content\themes\storefront\task1.php on line 133

2021-03-01T15:25:23+00:00 CRITICAL syntax error, unexpected '$product' (T_VARIABLE) in C:\xampp\htdocs\wp1\wp-content\themes\storefront\task1.php on line 133

2021-03-01T15:27:49+00:00 CRITICAL Uncaught Error: Call to a member function get_post() on array in C:\xampp\htdocs\wp1\wp-content\themes\storefront\task1.php:121
Stack trace:
#0 C:\xampp\htdocs\wp1\wp-includes\class-wp-hook.php(287): Task1->data_for_cron('')
#1 C:\xampp\htdocs\wp1\wp-includes\class-wp-hook.php(311): WP_Hook->apply_filters(NULL, Array)
#2 C:\xampp\htdocs\wp1\wp-includes\plugin.php(484): WP_Hook->do_action(Array)
#3 C:\xampp\htdocs\wp1\wp-content\plugins\woocommerce\templates\content-single-product.php(46): do_action('woocommerce_bef...')
#4 C:\xampp\htdocs\wp1\wp-includes\template.php(732): require('C:\\xampp\\htdocs...')
#5 C:\xampp\htdocs\wp1\wp-content\plugins\woocommerce\includes\wc-core-functions.php(284): load_template('C:\\xampp\\htdocs...', false)
#6 C:\xampp\htdocs\wp1\wp-content\plugins\woocommerce\templates\single-product.php(37): wc_get_template_part('content', 'single-product')
#7 C:\xampp\htdocs\wp1\wp-includes\template-loader.php(106): include('C:\\xampp\\htdocs...')
#8 C:\xampp\htdocs\wp1\wp-blog-header.php(19) in C:\xampp\htdocs\wp1\wp-content\themes\storefront\task1.php on line 121

2021-03-01T15:28:07+00:00 CRITICAL Uncaught Error: Call to a member function get_post() on null in C:\xampp\htdocs\wp1\wp-content\themes\storefront\task1.php:121
Stack trace:
#0 C:\xampp\htdocs\wp1\wp-includes\class-wp-hook.php(287): Task1->data_for_cron('')
#1 C:\xampp\htdocs\wp1\wp-includes\class-wp-hook.php(311): WP_Hook->apply_filters(NULL, Array)
#2 C:\xampp\htdocs\wp1\wp-includes\plugin.php(484): WP_Hook->do_action(Array)
#3 C:\xampp\htdocs\wp1\wp-content\plugins\woocommerce\templates\content-single-product.php(46): do_action('woocommerce_bef...')
#4 C:\xampp\htdocs\wp1\wp-includes\template.php(732): require('C:\\xampp\\htdocs...')
#5 C:\xampp\htdocs\wp1\wp-content\plugins\woocommerce\includes\wc-core-functions.php(284): load_template('C:\\xampp\\htdocs...', false)
#6 C:\xampp\htdocs\wp1\wp-content\plugins\woocommerce\templates\single-product.php(37): wc_get_template_part('content', 'single-product')
#7 C:\xampp\htdocs\wp1\wp-includes\template-loader.php(106): include('C:\\xampp\\htdocs...')
#8 C:\xampp\htdocs\wp1\wp-blog-header.php(19): in C:\xampp\htdocs\wp1\wp-content\themes\storefront\task1.php on line 121

2021-03-01T15:28:19+00:00 CRITICAL Uncaught Error: Call to a member function get_post() on array in C:\xampp\htdocs\wp1\wp-content\themes\storefront\task1.php:121
Stack trace:
#0 C:\xampp\htdocs\wp1\wp-includes\class-wp-hook.php(287): Task1->data_for_cron('')
#1 C:\xampp\htdocs\wp1\wp-includes\class-wp-hook.php(311): WP_Hook->apply_filters(NULL, Array)
#2 C:\xampp\htdocs\wp1\wp-includes\plugin.php(484): WP_Hook->do_action(Array)
#3 C:\xampp\htdocs\wp1\wp-content\plugins\woocommerce\templates\content-single-product.php(46): do_action('woocommerce_bef...')
#4 C:\xampp\htdocs\wp1\wp-includes\template.php(732): require('C:\\xampp\\htdocs...')
#5 C:\xampp\htdocs\wp1\wp-content\plugins\woocommerce\includes\wc-core-functions.php(284): load_template('C:\\xampp\\htdocs...', false)
#6 C:\xampp\htdocs\wp1\wp-content\plugins\woocommerce\templates\single-product.php(37): wc_get_template_part('content', 'single-product')
#7 C:\xampp\htdocs\wp1\wp-includes\template-loader.php(106): include('C:\\xampp\\htdocs...')
#8 C:\xampp\htdocs\wp1\wp-blog-header.php(19) in C:\xampp\htdocs\wp1\wp-content\themes\storefront\task1.php on line 121

2021-03-01T15:29:24+00:00 CRITICAL Uncaught Error: Call to a member function get_post() on null in C:\xampp\htdocs\wp1\wp-content\themes\storefront\task1.php:121
Stack trace:
#0 C:\xampp\htdocs\wp1\wp-includes\class-wp-hook.php(287): Task1->data_for_cron('')
#1 C:\xampp\htdocs\wp1\wp-includes\class-wp-hook.php(311): WP_Hook->apply_filters(NULL, Array)
#2 C:\xampp\htdocs\wp1\wp-includes\plugin.php(484): WP_Hook->do_action(Array)
#3 C:\xampp\htdocs\wp1\wp-content\plugins\woocommerce\templates\content-single-product.php(46): do_action('woocommerce_bef...')
#4 C:\xampp\htdocs\wp1\wp-includes\template.php(732): require('C:\\xampp\\htdocs...')
#5 C:\xampp\htdocs\wp1\wp-content\plugins\woocommerce\includes\wc-core-functions.php(284): load_template('C:\\xampp\\htdocs...', false)
#6 C:\xampp\htdocs\wp1\wp-content\plugins\woocommerce\templates\single-product.php(37): wc_get_template_part('content', 'single-product')
#7 C:\xampp\htdocs\wp1\wp-includes\template-loader.php(106): include('C:\\xampp\\htdocs...')
#8 C:\xampp\htdocs\wp1\wp-blog-header.php(19): in C:\xampp\htdocs\wp1\wp-content\themes\storefront\task1.php on line 121

2021-03-01T15:29:49+00:00 CRITICAL Uncaught Error: Call to a member function get_post() on null in C:\xampp\htdocs\wp1\wp-content\themes\storefront\task1.php:121
Stack trace:
#0 C:\xampp\htdocs\wp1\wp-includes\class-wp-hook.php(287): Task1->data_for_cron('')
#1 C:\xampp\htdocs\wp1\wp-includes\class-wp-hook.php(311): WP_Hook->apply_filters(NULL, Array)
#2 C:\xampp\htdocs\wp1\wp-includes\plugin.php(484): WP_Hook->do_action(Array)
#3 C:\xampp\htdocs\wp1\wp-content\plugins\woocommerce\templates\content-single-product.php(46): do_action('woocommerce_bef...')
#4 C:\xampp\htdocs\wp1\wp-includes\template.php(732): require('C:\\xampp\\htdocs...')
#5 C:\xampp\htdocs\wp1\wp-content\plugins\woocommerce\includes\wc-core-functions.php(284): load_template('C:\\xampp\\htdocs...', false)
#6 C:\xampp\htdocs\wp1\wp-content\plugins\woocommerce\templates\single-product.php(37): wc_get_template_part('content', 'single-product')
#7 C:\xampp\htdocs\wp1\wp-includes\template-loader.php(106): include('C:\\xampp\\htdocs...')
#8 C:\xampp\htdocs\wp1\wp-blog-header.php(19): in C:\xampp\htdocs\wp1\wp-content\themes\storefront\task1.php on line 121

2021-03-01T15:45:18+00:00 CRITICAL syntax error, unexpected ')' in C:\xampp\htdocs\wp1\wp-content\themes\storefront\task1.php on line 17

2021-03-01T15:45:33+00:00 CRITICAL syntax error, unexpected ')' in C:\xampp\htdocs\wp1\wp-content\themes\storefront\task1.php on line 17

2021-03-01T15:46:11+00:00 CRITICAL syntax error, unexpected ')' in C:\xampp\htdocs\wp1\wp-content\themes\storefront\task1.php on line 17

2021-03-01T15:46:26+00:00 CRITICAL syntax error, unexpected ')' in C:\xampp\htdocs\wp1\wp-content\themes\storefront\task1.php on line 17

2021-03-01T15:47:33+00:00 CRITICAL syntax error, unexpected ')' in C:\xampp\htdocs\wp1\wp-content\themes\storefront\task1.php on line 17

2021-03-01T15:47:34+00:00 CRITICAL syntax error, unexpected ')' in C:\xampp\htdocs\wp1\wp-content\themes\storefront\task1.php on line 17

